  Application.cpp
C:\Users\jakwiecz\OneDrive - Capgemini\Desktop\grafika\boids_algorithm_lorenc_miszczak_wieczor\boids_algorithm_lorenc_miszczak_wieczor\src\Application.cpp(4,10): error C1083: Cannot open include file: 'glm.hpp': No such file or directory
  Camera.cpp
C:\Users\jakwiecz\OneDrive - Capgemini\Desktop\grafika\boids_algorithm_lorenc_miszczak_wieczor\boids_algorithm_lorenc_miszczak_wieczor\src\Headers\Camera.h(3,10): error C1083: Cannot open include file: 'glm.hpp': No such file or directory
  (compiling source file 'src/Camera.cpp')
  
  Render_Utils.cpp
C:\Users\jakwiecz\OneDrive - Capgemini\Desktop\grafika\boids_algorithm_lorenc_miszczak_wieczor\boids_algorithm_lorenc_miszczak_wieczor\src\Headers\Render_Utils.h(2,10): error C1083: Cannot open include file: 'glm.hpp': No such file or directory
  (compiling source file 'src/Render_Utils.cpp')
  
  Shader_Loader.cpp
C:\Users\jakwiecz\OneDrive - Capgemini\Desktop\grafika\boids_algorithm_lorenc_miszczak_wieczor\boids_algorithm_lorenc_miszczak_wieczor\src\Headers\Shader_Loader.h(4,10): error C1083: Cannot open include file: 'freeglut.h': No such file or directory
  (compiling source file 'src/Shader_Loader.cpp')
  
  ShadowMap.cpp
  Skybox.cpp
C:\Users\jakwiecz\OneDrive - Capgemini\Desktop\grafika\boids_algorithm_lorenc_miszczak_wieczor\boids_algorithm_lorenc_miszczak_wieczor\src\hpp\Skybox.hpp(4,10): error C1083: Cannot open include file: 'glm.hpp': No such file or directory
  (compiling source file 'src/Skybox.cpp')
  
  Terrain.cpp
C:\Users\jakwiecz\OneDrive - Capgemini\Desktop\grafika\boids_algorithm_lorenc_miszczak_wieczor\boids_algorithm_lorenc_miszczak_wieczor\src\hpp\Terrain.hpp(4,10): error C1083: Cannot open include file: 'glm.hpp': No such file or directory
  (compiling source file 'src/Terrain.cpp')
  
  TextureLoader.cpp
C:\Users\jakwiecz\OneDrive - Capgemini\Desktop\grafika\boids_algorithm_lorenc_miszczak_wieczor\boids_algorithm_lorenc_miszczak_wieczor\src\TextureLoader.cpp(2,10): error C1083: Cannot open include file: 'stb_image.h': No such file or directory
  Generating Code...
C:\Users\jakwiecz\OneDrive - Capgemini\Desktop\grafika\boids_algorithm_lorenc_miszczak_wieczor\boids_algorithm_lorenc_miszczak_wieczor\src\ShadowMap.cpp(32,1): warning C4715: 'InitShadowMap': not all control paths return a value
